<?xml version="1.0" encoding="UTF-8"?>
<testsuite xmlns:xsi="http://www.w3.org/2001/XMLSchema-instance" xsi:noNamespaceSchemaLocation="https://maven.apache.org/surefire/maven-surefire-plugin/xsd/surefire-test-report-3.0.xsd" version="3.0" name="org.acme.travels.PersonProcessTest" time="10.581" tests="2" errors="0" skipped="0" failures="0">
  <properties>
[...]
</properties>
  <testcase name="testAdult" classname="org.acme.travels.PersonProcessTest" time="0.976">
    <system-out><![CDATA[2022-03-24 13:54:44,716 INFO  [org.jbo.threads] (main) JBoss Threads version 3.4.2.Final
2022-03-24 13:54:44,978 INFO  [org.kie.kog.cod.api.uti.AddonsConfigDiscovery] (build-44) Performed addonsConfig discovery, found: AddonsConfig{usePersistence=false, useTracing=false, useMonitoring=false, usePrometheusMonitoring=false, useCloudEvents=false, useExplainability=false, useProcessSVG=false, useEventDrivenDecisions=false, useEventDrivenRules=false}
2022-03-24 13:54:45,308 INFO  [org.kie.kog.cod.cor.uti.ApplicationGeneratorDiscovery] (build-43) Generator discovery performed, found [openapispecs, processes, rules, decisions, predictions]
2022-03-24 13:54:45,309 INFO  [org.kie.kog.cod.cor.ApplicationGenerator] (build-43) Skipping generator 'openapispecs' because disabled
2022-03-24 13:54:45,309 INFO  [org.kie.kog.cod.cor.ApplicationGenerator] (build-43) Skipping generator 'decisions' because disabled
2022-03-24 13:54:45,310 INFO  [org.kie.kog.cod.cor.ApplicationGenerator] (build-43) Skipping generator 'predictions' because disabled
2022-03-24 13:54:45,697 WARN  [org.kie.kog.cod.pro.ProcessCodegen] (build-43) There's already a generated file named org/acme/travels/PersonsModel.java to be compiled. Ignoring.
2022-03-24 13:54:49,926 INFO  [io.quarkus] (main) Quarkus 2.7.1.Final on JVM started in 6.050s. Listening on: http://localhost:64496
2022-03-24 13:54:49,926 INFO  [io.quarkus] (main) Profile test activated. 
2022-03-24 13:54:49,926 INFO  [io.quarkus] (main) Installed features: [cdi, kogito-decisions, kogito-predictions, kogito-processes, kogito-rules, resteasy, resteasy-jackson, smallrye-context-propagation, smallrye-health, smallrye-openapi, swagger-ui, vertx]
]]></system-out>
  </testcase>
  <testcase name="testChild" classname="org.acme.travels.PersonProcessTest" time="0.022"/>
</testsuite>